"Token { class: Keyword, lexeme: \"class\" }"
"Token { class: Identifier, lexeme: \"Test\" }"
"Token { class: OpenCurlyBrace, lexeme: \"{\" }"
"Token { class: CloseCurlyBrace, lexeme: \"}\" }"
"Token { class: Semicolon, lexeme: \";\" }"
"Token { class: Keyword, lexeme: \"program\" }"
"Token { class: OpenCurlyBrace, lexeme: \"{\" }"
"Token { class: Identifier, lexeme: \"Test\" }"
"Token { class: Identifier, lexeme: \"test\" }"
"Token { class: Semicolon, lexeme: \";\" }"
"Token { class: Identifier, lexeme: \"test\" }"
"Token { class: AssignmentOperator, lexeme: \"=\" }"
"Token { class: Identifier, lexeme: \"test\" }"
"Token { class: AccessorOperator, lexeme: \".\" }"
"Token { class: Identifier, lexeme: \"randomize\" }"
"Token { class: OpenParens, lexeme: \"(\" }"
"Token { class: CloseParens, lexeme: \")\" }"
"Token { class: Semicolon, lexeme: \";\" }"
"Token { class: CloseCurlyBrace, lexeme: \"}\" }"
"Token { class: Semicolon, lexeme: \";\" }"
