"Visiting AST node AstNode { node_type: ProgramFamily, node_token: None }"
"Ignoring AST node AstNode { node_type: ClassDeclarationList, node_token: None }"
"Visiting AST node AstNode { node_type: ClassDeclaration, node_token: None }"
"Visiting AST node AstNode { node_type: ClassId, node_token: Some(Token { class: Identifier, lexeme: \"Test\" }) }"
"Ignoring AST node AstNode { node_type: InheritanceList, node_token: None }"
"Ignoring AST node AstNode { node_type: ClassMemberDeclarationList, node_token: None }"
"Visiting AST node AstNode { node_type: FunctionDefinitionList, node_token: None }"
"Visiting AST node AstNode { node_type: StatementBlock, node_token: None }"
"Visiting AST node AstNode { node_type: VariableDeclaration, node_token: None }"
"Visiting AST node AstNode { node_type: Id, node_token: Some(Token { class: Identifier, lexeme: \"Test\" }) }"
"Visiting AST node AstNode { node_type: Id, node_token: Some(Token { class: Identifier, lexeme: \"test\" }) }"
"Ignoring AST node AstNode { node_type: ArraySizeList, node_token: None }"
"Visiting AST node AstNode { node_type: AssignmentStatement, node_token: None }"
"Ignoring AST node AstNode { node_type: Variable, node_token: None }"
"Ignoring AST node AstNode { node_type: DataMember, node_token: None }"
"Visiting AST node AstNode { node_type: Id, node_token: Some(Token { class: Identifier, lexeme: \"test\" }) }"
"Ignoring AST node AstNode { node_type: ArrayIndexingList, node_token: None }"
"Ignoring AST node AstNode { node_type: Expression, node_token: None }"
"Ignoring AST node AstNode { node_type: ArithmeticExpression, node_token: None }"
"Ignoring AST node AstNode { node_type: Term, node_token: None }"
"Ignoring AST node AstNode { node_type: Factor, node_token: None }"
"Ignoring AST node AstNode { node_type: FactorVariable, node_token: None }"
"Ignoring AST node AstNode { node_type: DataMember, node_token: None }"
"Visiting AST node AstNode { node_type: Id, node_token: Some(Token { class: Identifier, lexeme: \"test\" }) }"
"Ignoring AST node AstNode { node_type: ArrayIndexingList, node_token: None }"
"Ignoring AST node AstNode { node_type: FactorFunctionCall, node_token: None }"
"Visiting AST node AstNode { node_type: Id, node_token: Some(Token { class: Identifier, lexeme: \"randomize\" }) }"
"Ignoring AST node AstNode { node_type: FunctionArguments, node_token: None }"
"##########################################################################################"
"0 : STNode { node_type: Table([]) }"
"        Outgoing edge: self -> 3"
"        Outgoing edge: self -> 1"
"1 : STNode { node_type: Record(Some(STRecord { identifier: Some(\"Test\"), record_type: Class, value_type: None, array_dimensions: None, function_parameters: None, memory_size: None, memory_tag: None })) }"
"        Incoming edge: 0 -> self"
"        Outgoing edge: self -> 2"
"2 : STNode { node_type: Table([]) }"
"        Incoming edge: 1 -> self"
"3 : STNode { node_type: Record(Some(STRecord { identifier: Some(\"test\"), record_type: Variable, value_type: Some(\"Test\"), array_dimensions: None, function_parameters: None, memory_size: None, memory_tag: None })) }"
"        Incoming edge: 0 -> self"
"##########################################################################################"
"Ignoring AstNode { node_type: ProgramFamily, node_token: None }"
"Ignoring AstNode { node_type: ClassDeclarationList, node_token: None }"
"Ignoring AstNode { node_type: ClassDeclaration, node_token: None }"
"Ignoring AstNode { node_type: ClassId, node_token: Some(Token { class: Identifier, lexeme: \"Test\" }) }"
"Ignoring AstNode { node_type: InheritanceList, node_token: None }"
"Ignoring AstNode { node_type: ClassMemberDeclarationList, node_token: None }"
"Ignoring AstNode { node_type: FunctionDefinitionList, node_token: None }"
"Ignoring AstNode { node_type: StatementBlock, node_token: None }"
"Ignoring AstNode { node_type: VariableDeclaration, node_token: None }"
"Visiting AstNode { node_type: Id, node_token: Some(Token { class: Identifier, lexeme: \"Test\" }) }"
"Visiting AstNode { node_type: Id, node_token: Some(Token { class: Identifier, lexeme: \"test\" }) }"
"Ignoring AstNode { node_type: ArraySizeList, node_token: None }"
"Ignoring AstNode { node_type: AssignmentStatement, node_token: None }"
"Ignoring AstNode { node_type: Variable, node_token: None }"
"Visiting AstNode { node_type: DataMember, node_token: None }"
"Visiting AstNode { node_type: Id, node_token: Some(Token { class: Identifier, lexeme: \"test\" }) }"
"Ignoring AstNode { node_type: ArrayIndexingList, node_token: None }"
"Ignoring AstNode { node_type: Expression, node_token: None }"
"Ignoring AstNode { node_type: ArithmeticExpression, node_token: None }"
"Ignoring AstNode { node_type: Term, node_token: None }"
"Ignoring AstNode { node_type: Factor, node_token: None }"
"Visiting AstNode { node_type: FactorVariable, node_token: None }"
"Visiting AstNode { node_type: DataMember, node_token: None }"
"Visiting AstNode { node_type: Id, node_token: Some(Token { class: Identifier, lexeme: \"test\" }) }"
"Ignoring AstNode { node_type: ArrayIndexingList, node_token: None }"
"Ignoring AstNode { node_type: FactorFunctionCall, node_token: None }"
"Visiting AstNode { node_type: Id, node_token: Some(Token { class: Identifier, lexeme: \"randomize\" }) }"
"Visiting AstNode { node_type: FunctionArguments, node_token: None }"
